C51 COMPILER V9.60.0.0   AD9850                                                            06/25/2021 20:51:22 PAGE 1   


C51 COMPILER V9.60.0.0, COMPILATION OF MODULE AD9850
OBJECT MODULE PLACED IN .\Objects\ad9850.obj
COMPILER INVOKED BY: C:\Keil_v5\C51\BIN\C51.EXE ..\..\HW_Driver\ad9850.c LARGE OPTIMIZE(8,SPEED) BROWSE INCDIR(..\..\HW_
                    -Config;..\..\HW_Driver\driver_header;..\..\HW_Driver;..\..\SDKProject;..\..\SW_Support;..\..\SW_Support\header;..\..\use
                    -rcode) DEBUG OBJECTEXTEND PRINT(.\Listings\ad9850.lst) OBJECT(.\Objects\ad9850.obj)

line level    source

   1          #include "ad9850.h"
   2          
   3          #ifdef AD9850_CONFIG
              
              
              
              
              void ad9850_reset_serial()
              {
                      AD9850_CLK=0;
                      AD9850_UD=0;
                      //rest信号
                      AD9850_REST=0;
                      AD9850_REST=1;
                      AD9850_REST=0;
                      //w_clk信号
                      AD9850_CLK=0;
                      AD9850_CLK=1;
                      AD9850_CLK=0;
                      //fq_up信号
                      AD9850_UD=0;
                      AD9850_UD=1;
                      AD9850_UD=0;
              }
              
              void ad9850_wr_serial(unsigned char w0,double frequence)
              {
                      unsigned char i,w;
                      long int y;
                      double x;
                      //计算频率的HEX值
                      x=4294967295/125;//适合125M晶振
                      //如果时钟频率不为180MHZ，修改该处的频率值，单位MHz  ！！！
                      frequence=frequence/1000000;
                      frequence=frequence*x;
                      y=frequence;
                      //写w4数据
                      w=(y>>=0);
                      for(i=0;i<8;i++)
                      {
                              AD9850_DATA=(w>>i)&0x01;
                              AD9850_CLK=1;
                              AD9850_CLK=0;
                      }
                      //写w3数据
                      w=(y>>8);
                      for(i=0;i<8;i++)
                      {
                              AD9850_DATA=(w>>i)&0x01;
                              AD9850_CLK=1;
                              AD9850_CLK=0;
                      }
                      //写w2数据
C51 COMPILER V9.60.0.0   AD9850                                                            06/25/2021 20:51:22 PAGE 2   

                      w=(y>>16);
                      for(i=0;i<8;i++)
                      {
                              AD9850_DATA=(w>>i)&0x01;
                              AD9850_CLK=1;
                              AD9850_CLK=0;
                      }
                      //写w1数据
                      w=(y>>24);
                      for(i=0;i<8;i++)
                      {
                              AD9850_DATA=(w>>i)&0x01;
                              AD9850_CLK=1;
                              AD9850_CLK=0;
                      }
                      //写w0数据
                      w=w0;   
                      for(i=0;i<8;i++)
                      {
                              AD9850_DATA=(w>>i)&0x01;
                              AD9850_CLK=1;
                              AD9850_CLK=0;
                      }
                      //移入始能
                      AD9850_UD=1;
                      AD9850_UD=0;
              }
              
              
              #endif /* AD9850_CONFIG */
  84          


MODULE INFORMATION:   STATIC OVERLAYABLE
   CODE SIZE        =   ----    ----
   CONSTANT SIZE    =   ----    ----
   XDATA SIZE       =   ----    ----
   PDATA SIZE       =   ----    ----
   DATA SIZE        =   ----    ----
   IDATA SIZE       =   ----    ----
   BIT SIZE         =   ----    ----
END OF MODULE INFORMATION.


C51 COMPILATION COMPLETE.  0 WARNING(S),  0 ERROR(S)
