C51 COMPILER V9.60.0.0   MAIN                                                              06/25/2021 20:51:26 PAGE 1   


C51 COMPILER V9.60.0.0, COMPILATION OF MODULE MAIN
OBJECT MODULE PLACED IN .\Objects\main.obj
COMPILER INVOKED BY: C:\Keil_v5\C51\BIN\C51.EXE ..\main.c LARGE OPTIMIZE(8,SPEED) BROWSE INCDIR(..\..\HW_Config;..\..\HW
                    -_Driver\driver_header;..\..\HW_Driver;..\..\SDKProject;..\..\SW_Support;..\..\SW_Support\header;..\..\usercode) DEBUG OB
                    -JECTEXTEND PRINT(.\Listings\main.lst) OBJECT(.\Objects\main.obj)

line level    source

   1          #include "user_config_prj.h"
   2          #include "main.h"
   3          
   4          
   5          void main()
   6          {
   7   1              bsp_init ();
   8   1              
   9   1              user_main();
  10   1      }
  11          
  12          


MODULE INFORMATION:   STATIC OVERLAYABLE
   CODE SIZE        =      6    ----
   CONSTANT SIZE    =   ----    ----
   XDATA SIZE       =   ----    ----
   PDATA SIZE       =   ----    ----
   DATA SIZE        =   ----    ----
   IDATA SIZE       =   ----    ----
   BIT SIZE         =   ----    ----
END OF MODULE INFORMATION.


C51 COMPILATION COMPLETE.  0 WARNING(S),  0 ERROR(S)
