C51 COMPILER V9.60.0.0   SW_GCAPTURE                                                       06/25/2021 20:51:20 PAGE 1   


C51 COMPILER V9.60.0.0, COMPILATION OF MODULE SW_GCAPTURE
OBJECT MODULE PLACED IN .\Objects\sw_GCapture.obj
COMPILER INVOKED BY: C:\Keil_v5\C51\BIN\C51.EXE ..\..\SW_Support\sw_GCapture.c LARGE OPTIMIZE(8,SPEED) BROWSE INCDIR(..\
                    -..\HW_Config;..\..\HW_Driver\driver_header;..\..\HW_Driver;..\..\SDKProject;..\..\SW_Support;..\..\SW_Support\header;..\
                    -..\usercode) DEBUG OBJECTEXTEND PRINT(.\Listings\sw_GCapture.lst) OBJECT(.\Objects\sw_GCapture.obj)

line level    source

   1          #include "sw_GCapture.h"
   2          
   3          #ifdef SW_GCAPTURE_CONFIG
              
              
              
              
              /* ------------------------------------------------------------ */
              
              
              
              
              
              
              /* ------------------------------------------------------------ */
              
              
              
              
              /* ------------------------------------------------------------ */
              
              #endif /* SW_GCAPTURE_CONFIG */


MODULE INFORMATION:   STATIC OVERLAYABLE
   CODE SIZE        =   ----    ----
   CONSTANT SIZE    =   ----    ----
   XDATA SIZE       =   ----    ----
   PDATA SIZE       =   ----    ----
   DATA SIZE        =   ----    ----
   IDATA SIZE       =   ----    ----
   BIT SIZE         =   ----    ----
END OF MODULE INFORMATION.


C51 COMPILATION COMPLETE.  0 WARNING(S),  0 ERROR(S)
